<?xml version="1.0" encoding="UTF-8"?>
<testsuite xmlns:xsi="http://www.w3.org/2001/XMLSchema-instance" xsi:noNamespaceSchemaLocation="https://maven.apache.org/surefire/maven-surefire-plugin/xsd/surefire-test-report-3.0.xsd" version="3.0" name="vn.edu.vnu.uet.banksystem.BankAccountTest" time="0.639" tests="5" errors="0" skipped="0" failures="0">
  <properties>
[...]
</properties>
  <testcase name="testWithdrawValidAmount" classname="vn.edu.vnu.uet.banksystem.BankAccountTest" time="0.575">
    <system-out><![CDATA[2026-04-26 14:47:54 [main] INFO  v.edu.vnu.uet.banksystem.BankAccount - Khởi tạo tài khoản accountId=ACC003 với số dư ban đầu=2000.0
2026-04-26 14:47:54 [main] INFO  v.edu.vnu.uet.banksystem.BankAccount - Rút tiền thành công (accountId=ACC003). Số tiền: 500.0. Số dư mới: 1500.0
]]></system-out>
  </testcase>
  <testcase name="testDepositInvalidAmount" classname="vn.edu.vnu.uet.banksystem.BankAccountTest" time="0.006">
    <system-out><![CDATA[2026-04-26 14:47:54 [main] INFO  v.edu.vnu.uet.banksystem.BankAccount - Khởi tạo tài khoản accountId=ACC002 với số dư ban đầu=1000.0
2026-04-26 14:47:54 [main] WARN  v.edu.vnu.uet.banksystem.BankAccount - Giao dịch nạp tiền bị từ chối (accountId=ACC002): Số tiền (-200.0) <= 0
]]></system-out>
  </testcase>
  <testcase name="testWithdrawInvalidAmount" classname="vn.edu.vnu.uet.banksystem.BankAccountTest" time="0.003">
    <system-out><![CDATA[2026-04-26 14:47:54 [main] INFO  v.edu.vnu.uet.banksystem.BankAccount - Khởi tạo tài khoản accountId=ACC004 với số dư ban đầu=1000.0
2026-04-26 14:47:54 [main] WARN  v.edu.vnu.uet.banksystem.BankAccount - Giao dịch rút tiền bị từ chối (accountId=ACC004): Số tiền (-100.0) <= 0
]]></system-out>
  </testcase>
  <testcase name="testWithdrawInsufficientBalance" classname="vn.edu.vnu.uet.banksystem.BankAccountTest" time="0.003">
    <system-out><![CDATA[2026-04-26 14:47:54 [main] INFO  v.edu.vnu.uet.banksystem.BankAccount - Khởi tạo tài khoản accountId=ACC005 với số dư ban đầu=1000.0
2026-04-26 14:47:54 [main] WARN  v.edu.vnu.uet.banksystem.BankAccount - Giao dịch rút tiền bị từ chối (accountId=ACC005): Số dư (1000.0) không đủ rút (2000.0)
]]></system-out>
  </testcase>
  <testcase name="testDepositValidAmount" classname="vn.edu.vnu.uet.banksystem.BankAccountTest" time="0.003">
    <system-out><![CDATA[2026-04-26 14:47:54 [main] INFO  v.edu.vnu.uet.banksystem.BankAccount - Khởi tạo tài khoản accountId=ACC001 với số dư ban đầu=1000.0
2026-04-26 14:47:54 [main] INFO  v.edu.vnu.uet.banksystem.BankAccount - Nạp tiền thành công (accountId=ACC001). Số tiền: 500.0. Số dư mới: 1500.0
]]></system-out>
  </testcase>
</testsuite>