<?xml version="1.0" encoding="UTF-8"?>
<testsuite xmlns:xsi="http://www.w3.org/2001/XMLSchema-instance" xsi:noNamespaceSchemaLocation="https://maven.apache.org/surefire/maven-surefire-plugin/xsd/surefire-test-report-3.0.xsd" version="3.0" name="mathutils.MathUtilsTest" time="0.336" tests="2" errors="0" skipped="0" failures="0">
  <properties>
[...]
</properties>
  <testcase name="testFactorial" classname="mathutils.MathUtilsTest" time="0.309">
    <system-out><![CDATA[17:35:17.840 [main] INFO  mathutils.MathUtils - Đang tính giai thừa cho số: 5
17:35:17.850 [main] INFO  mathutils.MathUtils - Đang tính giai thừa cho số: 0
]]></system-out>
  </testcase>
  <testcase name="testNegativeFactorial" classname="mathutils.MathUtilsTest" time="0.004">
    <system-out><![CDATA[17:35:17.871 [main] ERROR mathutils.MathUtils - Lỗi: Không thể tính giai thừa cho số âm (-1)
]]></system-out>
  </testcase>
</testsuite>